<?xml version="1.0" encoding="UTF-8"?>
<!-- Generated by org.testng.reporters.JUnitReportReporter -->
<testsuite hostname="LAPTOP-CJE6AUSA" failures="0" tests="5" name="week4Day1.Assertions" time="22.880" errors="0" timestamp="2023-11-24T13:26:24 NZDT" skipped="0">
  <testcase classname="week4Day1.Assertions" name="assertHasItem" time="4.362"/>
  <system-out/>
  <testcase classname="week4Day1.Assertions" name="assertContains" time="7.504"/>
  <system-out/>
  <testcase classname="week4Day1.Assertions" name="simpleAssert" time="3.207"/>
  <system-out/>
  <testcase classname="week4Day1.Assertions" name="assertEquals" time="4.544"/>
  <system-out/>
  <testcase classname="week4Day1.Assertions" name="getIncident" time="3.263"/>
  <system-out/>
</testsuite> <!-- week4Day1.Assertions -->
