<?xml version="1.0" encoding="UTF-8"?>
<!-- Generated by org.testng.reporters.JUnitReportReporter -->
<testsuite hostname="LAPTOP-CJE6AUSA" failures="0" tests="1" name="week3Day1.GetIncident" time="3.738" errors="0" timestamp="2023-11-23T19:54:02 NZDT" skipped="0">
  <testcase classname="week3Day1.GetIncident" name="getIncident" time="3.738"/>
  <system-out/>
</testsuite> <!-- week3Day1.GetIncident -->
