<?xml version="1.0" encoding="UTF-8"?>
<!-- Generated by org.testng.reporters.JUnitReportReporter -->
<testsuite hostname="LAPTOP-CJE6AUSA" failures="0" tests="1" name="week3Day1.UpdateIncident" time="5.502" errors="0" timestamp="2023-11-23T22:12:12 NZDT" skipped="0">
  <testcase classname="week3Day1.UpdateIncident" name="updateIncident" time="5.502"/>
  <system-out/>
</testsuite> <!-- week3Day1.UpdateIncident -->
