<?xml version="1.0" encoding="UTF-8"?>
<!-- Generated by org.testng.reporters.JUnitReportReporter -->
<testsuite hostname="LAPTOP-CJE6AUSA" failures="0" tests="1" name="week3Day1.CreateChangeRequest" time="5.989" errors="0" timestamp="2023-11-23T20:06:48 NZDT" skipped="0">
  <testcase classname="week3Day1.CreateChangeRequest" name="createChangeRequest" time="5.989"/>
  <system-out/>
</testsuite> <!-- week3Day1.CreateChangeRequest -->
