<?xml version="1.0" encoding="UTF-8"?>
<!-- Generated by org.testng.reporters.JUnitReportReporter -->
<testsuite hostname="LAPTOP-CJE6AUSA" failures="0" tests="1" name="week4Day1.Logs" time="5.127" errors="0" timestamp="2023-11-24T11:56:12 NZDT" skipped="0">
  <testcase classname="week4Day1.Logs" name="createIncidentWithFile" time="5.127"/>
  <system-out/>
</testsuite> <!-- week4Day1.Logs -->
