<?xml version="1.0" encoding="UTF-8"?>
<!-- Generated by org.testng.reporters.JUnitReportReporter -->
<testsuite hostname="LAPTOP-CJE6AUSA" failures="0" tests="1" name="week4Day1.CreateIncidentVariousMethods" time="5.576" errors="0" timestamp="2023-11-24T12:43:45 NZDT" skipped="0">
  <testcase classname="week4Day1.CreateIncidentVariousMethods" name="createIncident" time="5.576"/>
  <system-out/>
</testsuite> <!-- week4Day1.CreateIncidentVariousMethods -->
