<?xml version="1.0" encoding="UTF-8"?>
<!-- Generated by org.testng.reporters.JUnitReportReporter -->
<testsuite hostname="LAPTOP-CJE6AUSA" failures="0" tests="1" name="week3Day1.CreateIncident" time="5.078" errors="0" timestamp="2023-11-23T21:57:35 NZDT" skipped="0">
  <testcase classname="week3Day1.CreateIncident" name="incidentCreation" time="5.078"/>
  <system-out/>
</testsuite> <!-- week3Day1.CreateIncident -->
