<?xml version="1.0" encoding="UTF-8"?>
<!-- Generated by org.testng.reporters.JUnitReportReporter -->
<testsuite hostname="LAPTOP-CJE6AUSA" failures="0" tests="1" name="week4Day1.chaining.CreateIncident" time="5.721" errors="0" timestamp="2023-11-24T15:22:36 NZDT" skipped="0">
  <testcase classname="week4Day1.chaining.CreateIncident" name="createIncident" time="5.721"/>
  <system-out/>
</testsuite> <!-- week4Day1.chaining.CreateIncident -->
