<?xml version="1.0" encoding="UTF-8"?>
<!-- Generated by org.testng.reporters.JUnitReportReporter -->
<testsuite hostname="LAPTOP-CJE6AUSA" failures="0" tests="3" name="week4Day1.CreateIncident" time="11.732" errors="0" timestamp="2023-11-24T11:30:49 NZDT" skipped="0">
  <testcase classname="week4Day1.CreateIncident" name="createIncidentWithString" time="3.180"/>
  <system-out/>
  <testcase classname="week4Day1.CreateIncident" name="createIncident" time="5.379"/>
  <system-out/>
  <testcase classname="week4Day1.CreateIncident" name="createIncidentWithFile" time="3.173"/>
  <system-out/>
</testsuite> <!-- week4Day1.CreateIncident -->
