<?xml version="1.0" encoding="UTF-8"?>
<!-- Generated by org.testng.reporters.JUnitReportReporter -->
<testsuite hostname="LAPTOP-CJE6AUSA" failures="0" tests="3" name="week4Day1.AssertionsChangeRequest" time="14.239" errors="0" timestamp="2023-11-24T13:55:41 NZDT" skipped="0">
  <testcase classname="week4Day1.AssertionsChangeRequest" name="assertHasItem" time="7.060"/>
  <system-out/>
  <testcase classname="week4Day1.AssertionsChangeRequest" name="getChangeRequest" time="4.035"/>
  <system-out/>
  <testcase classname="week4Day1.AssertionsChangeRequest" name="createChangeRequest" time="3.144"/>
  <system-out/>
</testsuite> <!-- week4Day1.AssertionsChangeRequest -->
